<?xml version="1.0" encoding="UTF-8"?>
<testsuite name="com.example.smart_healthcare.auth.controller.AuthIntegrationTest" tests="1" skipped="0" failures="0" errors="0" timestamp="2026-03-15T13:56:05.079Z" hostname="DESKTOP-RPHN34R" time="2.53">
  <properties/>
  <testcase name="authFlow_signup_login_me_refresh_logout()" classname="com.example.smart_healthcare.auth.controller.AuthIntegrationTest" time="0.995"/>
  <system-out><![CDATA[2026-03-15T22:56:05.080+09:00  INFO 28952 --- [smart-healthcare] [    Test worker] t.c.s.AnnotationConfigContextLoaderUtils : Could not detect default configuration classes for test class [com.example.smart_healthcare.auth.controller.AuthIntegrationTest]: AuthIntegrationTest does not declare any static, non-private, non-final, nested classes annotated with @Configuration.
2026-03-15T22:56:05.102+09:00  INFO 28952 --- [smart-healthcare] [    Test worker] .b.t.c.SpringBootTestContextBootstrapper : Found @SpringBootConfiguration com.example.smart_healthcare.SmartHealthcareApplication for test class com.example.smart_healthcare.auth.controller.AuthIntegrationTest

  .   ____          _            __ _ _
 /\\ / ___'_ __ _ _(_)_ __  __ _ \ \ \ \
( ( )\___ | '_ | '_| | '_ \/ _` | \ \ \ \
 \\/  ___)| |_)| | | | | || (_| |  ) ) ) )
  '  |____| .__|_| |_|_| |_\__, | / / / /
 =========|_|==============|___/=/_/_/_/

 :: Spring Boot ::                (v3.3.5)

2026-03-15T22:56:05.133+09:00  INFO 28952 --- [smart-healthcare] [    Test worker] c.e.s.a.controller.AuthIntegrationTest   : Starting AuthIntegrationTest using Java 17.0.12 with PID 28952 (started by user in C:\Users\user\project\CapstonRefactoring\backend\smart-healthcare)
2026-03-15T22:56:05.133+09:00  INFO 28952 --- [smart-healthcare] [    Test worker] c.e.s.a.controller.AuthIntegrationTest   : The following 1 profile is active: "test"
2026-03-15T22:56:05.519+09:00  INFO 28952 --- [smart-healthcare] [    Test worker] .s.d.r.c.RepositoryConfigurationDelegate : Multiple Spring Data modules found, entering strict repository configuration mode
2026-03-15T22:56:05.520+09:00  INFO 28952 --- [smart-healthcare] [    Test worker] .s.d.r.c.RepositoryConfigurationDelegate : Bootstrapping Spring Data JPA repositories in DEFAULT mode.
2026-03-15T22:56:05.548+09:00  INFO 28952 --- [smart-healthcare] [    Test worker] .s.d.r.c.RepositoryConfigurationDelegate : Finished Spring Data repository scanning in 27 ms. Found 3 JPA repository interfaces.
2026-03-15T22:56:05.549+09:00  INFO 28952 --- [smart-healthcare] [    Test worker] .s.d.r.c.RepositoryConfigurationDelegate : Multiple Spring Data modules found, entering strict repository configuration mode
2026-03-15T22:56:05.549+09:00  INFO 28952 --- [smart-healthcare] [    Test worker] .s.d.r.c.RepositoryConfigurationDelegate : Bootstrapping Spring Data Redis repositories in DEFAULT mode.
2026-03-15T22:56:05.560+09:00  INFO 28952 --- [smart-healthcare] [    Test worker] .RepositoryConfigurationExtensionSupport : Spring Data Redis - Could not safely identify store assignment for repository candidate interface com.example.smart_healthcare.inbody.infrastructure.InbodyRepository; If you want this repository to be a Redis repository, consider annotating your entities with one of these annotations: org.springframework.data.redis.core.RedisHash (preferred), or consider extending one of the following types with your repository: org.springframework.data.keyvalue.repository.KeyValueRepository
2026-03-15T22:56:05.560+09:00  INFO 28952 --- [smart-healthcare] [    Test worker] .RepositoryConfigurationExtensionSupport : Spring Data Redis - Could not safely identify store assignment for repository candidate interface com.example.smart_healthcare.member.infrastructure.MemberRepository; If you want this repository to be a Redis repository, consider annotating your entities with one of these annotations: org.springframework.data.redis.core.RedisHash (preferred), or consider extending one of the following types with your repository: org.springframework.data.keyvalue.repository.KeyValueRepository
2026-03-15T22:56:05.560+09:00  INFO 28952 --- [smart-healthcare] [    Test worker] .RepositoryConfigurationExtensionSupport : Spring Data Redis - Could not safely identify store assignment for repository candidate interface com.example.smart_healthcare.member.infrastructure.MemberRoleRepository; If you want this repository to be a Redis repository, consider annotating your entities with one of these annotations: org.springframework.data.redis.core.RedisHash (preferred), or consider extending one of the following types with your repository: org.springframework.data.keyvalue.repository.KeyValueRepository
2026-03-15T22:56:05.560+09:00  INFO 28952 --- [smart-healthcare] [    Test worker] .s.d.r.c.RepositoryConfigurationDelegate : Finished Spring Data repository scanning in 10 ms. Found 0 Redis repository interfaces.
2026-03-15T22:56:05.662+09:00  INFO 28952 --- [smart-healthcare] [    Test worker] o.hibernate.jpa.internal.util.LogHelper  : HHH000204: Processing PersistenceUnitInfo [name: default]
2026-03-15T22:56:05.666+09:00  INFO 28952 --- [smart-healthcare] [    Test worker] o.h.c.internal.RegionFactoryInitiator    : HHH000026: Second-level cache disabled
2026-03-15T22:56:05.680+09:00  INFO 28952 --- [smart-healthcare] [    Test worker] o.s.o.j.p.SpringPersistenceUnitInfo      : No LoadTimeWeaver setup: ignoring JPA class transformer
2026-03-15T22:56:05.683+09:00  INFO 28952 --- [smart-healthcare] [    Test worker] com.zaxxer.hikari.HikariDataSource       : HikariPool-2 - Starting...
2026-03-15T22:56:05.684+09:00  INFO 28952 --- [smart-healthcare] [    Test worker] com.zaxxer.hikari.pool.HikariPool        : HikariPool-2 - Added connection conn10: url=jdbc:h2:mem:testdb user=SA
2026-03-15T22:56:05.684+09:00  INFO 28952 --- [smart-healthcare] [    Test worker] com.zaxxer.hikari.HikariDataSource       : HikariPool-2 - Start completed.
2026-03-15T22:56:05.771+09:00  INFO 28952 --- [smart-healthcare] [    Test worker] o.h.e.t.j.p.i.JtaPlatformInitiator       : HHH000489: No JTA platform available (set 'hibernate.transaction.jta.platform' to enable JTA platform integration)
2026-03-15T22:56:05.779+09:00  INFO 28952 --- [smart-healthcare] [    Test worker] j.LocalContainerEntityManagerFactoryBean : Initialized JPA EntityManagerFactory for persistence unit 'default'
2026-03-15T22:56:05.914+09:00  INFO 28952 --- [smart-healthcare] [    Test worker] r$InitializeUserDetailsManagerConfigurer : Global AuthenticationManager configured with UserDetailsService bean with name memberUserDetailsService
2026-03-15T22:56:06.028+09:00  WARN 28952 --- [smart-healthcare] [    Test worker] JpaBaseConfiguration$JpaWebConfiguration : spring.jpa.open-in-view is enabled by default. Therefore, database queries may be performed during view rendering. Explicitly configure spring.jpa.open-in-view to disable this warning
2026-03-15T22:56:06.216+09:00  INFO 28952 --- [smart-healthcare] [    Test worker] o.s.b.a.e.web.EndpointLinksResolver      : Exposing 3 endpoints beneath base path '/actuator'
2026-03-15T22:56:06.508+09:00  INFO 28952 --- [smart-healthcare] [    Test worker] o.s.b.a.h2.H2ConsoleAutoConfiguration    : H2 console available at '/h2-console'. Database available at 'jdbc:h2:mem:testdb'
2026-03-15T22:56:06.583+09:00  INFO 28952 --- [smart-healthcare] [    Test worker] o.s.b.t.m.w.SpringBootMockServletContext : Initializing Spring TestDispatcherServlet ''
2026-03-15T22:56:06.584+09:00  INFO 28952 --- [smart-healthcare] [    Test worker] o.s.t.web.servlet.TestDispatcherServlet  : Initializing Servlet ''
2026-03-15T22:56:06.585+09:00  INFO 28952 --- [smart-healthcare] [    Test worker] o.s.t.web.servlet.TestDispatcherServlet  : Completed initialization in 0 ms
2026-03-15T22:56:06.608+09:00  INFO 28952 --- [smart-healthcare] [    Test worker] c.e.s.a.controller.AuthIntegrationTest   : Started AuthIntegrationTest in 1.502 seconds (process running for 13.523)
]]></system-out>
  <system-err><![CDATA[]]></system-err>
</testsuite>
