<?xml version="1.0" encoding="UTF-8"?>
<testsuite name="com.example.smart_healthcare.inbody.service.InbodyServiceTest" tests="2" skipped="0" failures="0" errors="0" timestamp="2026-03-15T13:56:07.617Z" hostname="DESKTOP-RPHN34R" time="0.866">
  <properties/>
  <testcase name="getMyList_rejectsUnsupportedSize()" classname="com.example.smart_healthcare.inbody.service.InbodyServiceTest" time="0.698"/>
  <testcase name="create_calculatesAndStoresDerivedValues()" classname="com.example.smart_healthcare.inbody.service.InbodyServiceTest" time="0.156"/>
  <system-out><![CDATA[]]></system-out>
  <system-err><![CDATA[]]></system-err>
</testsuite>
